
abr. 13, 2024 18:54:00.86 NEW SESSION
abr. 13, 2024 18:54:01.18 [fluent] Missing message in locale es-MX: overflow-scroll-button-up
abr. 13, 2024 18:54:01.19 [fluent] Missing message in locale es-MX: overflow-scroll-button-down
abr. 13, 2024 18:54:01.19 [fluent] Missing message in locale es-MX: text-action-strip-on-share
abr. 13, 2024 18:54:01.50 [fluent] Missing message in locale es-MX: translations-panel-error-unsupported
abr. 13, 2024 18:54:01.50 [fluent] Missing message in locale es-MX: translations-panel-learn-more-link
abr. 13, 2024 18:54:01.51 [fluent] Missing message in locale es-MX: translations-panel-error-change-button
abr. 13, 2024 18:54:01.51 [fluent] Missing message in locale es-MX: translations-panel-settings-button
abr. 13, 2024 18:54:01.51 [fluent] Missing message in locale es-MX: translations-panel-error-dismiss-button
abr. 13, 2024 18:54:01.51 [fluent] Missing message in locale es-MX: translations-panel-settings-always-translate-language
abr. 13, 2024 18:54:01.51 [fluent] Missing message in locale es-MX: translations-panel-settings-never-translate-language
abr. 13, 2024 18:54:01.51 [fluent] Missing message in locale es-MX: translations-panel-header
abr. 13, 2024 18:54:01.51 [fluent] Missing message in locale es-MX: translations-panel-settings-button
abr. 13, 2024 18:54:01.51 [fluent] Missing message in locale es-MX: translations-panel-intro-description
abr. 13, 2024 18:54:01.51 [fluent] Missing message in locale es-MX: translations-panel-learn-more-link
abr. 13, 2024 18:54:01.51 [fluent] Missing message in locale es-MX: translations-panel-from-label
abr. 13, 2024 18:54:01.51 [fluent] Missing message in locale es-MX: translations-panel-choose-language
abr. 13, 2024 18:54:01.51 [fluent] Missing message in locale es-MX: translations-panel-to-label
abr. 13, 2024 18:54:01.51 [fluent] Missing message in locale es-MX: translations-panel-choose-language
abr. 13, 2024 18:54:01.51 [fluent] Missing message in locale es-MX: translations-panel-translate-button
abr. 13, 2024 18:54:01.51 [fluent] Missing message in locale es-MX: translations-panel-restore-button
abr. 13, 2024 18:54:01.51 [fluent] Missing message in locale es-MX: translations-panel-translate-cancel
abr. 13, 2024 18:54:01.53 [fluent] Missing message in locale es-MX: translations-panel-learn-more-link
abr. 13, 2024 18:54:01.53 [fluent] Missing message in locale es-MX: translations-panel-learn-more-link
abr. 13, 2024 18:54:01.78 [fluent] Missing message in locale es-MX: newtab-topsites-add-shortcut-label

abr. 14, 2024 07:19:08.30 NEW SESSION
abr. 14, 2024 07:19:08.32 [fluent] Missing message in locale es-MX: overflow-scroll-button-up
abr. 14, 2024 07:19:08.32 [fluent] Missing message in locale es-MX: overflow-scroll-button-down
abr. 14, 2024 07:19:08.44 [fluent] Missing message in locale es-MX: text-action-strip-on-share
abr. 14, 2024 07:19:09.14 [fluent] Missing message in locale es-MX: translations-panel-error-unsupported
abr. 14, 2024 07:19:09.15 [fluent] Missing message in locale es-MX: translations-panel-learn-more-link
abr. 14, 2024 07:19:09.15 [fluent] Missing message in locale es-MX: translations-panel-error-change-button
abr. 14, 2024 07:19:09.15 [fluent] Missing message in locale es-MX: translations-panel-settings-button
abr. 14, 2024 07:19:09.15 [fluent] Missing message in locale es-MX: translations-panel-error-dismiss-button
abr. 14, 2024 07:19:09.15 [fluent] Missing message in locale es-MX: translations-panel-settings-always-translate-language
abr. 14, 2024 07:19:09.15 [fluent] Missing message in locale es-MX: translations-panel-settings-never-translate-language
abr. 14, 2024 07:19:09.15 [fluent] Missing message in locale es-MX: translations-panel-header
abr. 14, 2024 07:19:09.15 [fluent] Missing message in locale es-MX: translations-panel-settings-button
abr. 14, 2024 07:19:09.15 [fluent] Missing message in locale es-MX: translations-panel-intro-description
abr. 14, 2024 07:19:09.15 [fluent] Missing message in locale es-MX: translations-panel-learn-more-link
abr. 14, 2024 07:19:09.15 [fluent] Missing message in locale es-MX: translations-panel-from-label
abr. 14, 2024 07:19:09.15 [fluent] Missing message in locale es-MX: translations-panel-choose-language
abr. 14, 2024 07:19:09.15 [fluent] Missing message in locale es-MX: translations-panel-to-label
abr. 14, 2024 07:19:09.15 [fluent] Missing message in locale es-MX: translations-panel-choose-language
abr. 14, 2024 07:19:09.15 [fluent] Missing message in locale es-MX: translations-panel-translate-button
abr. 14, 2024 07:19:09.15 [fluent] Missing message in locale es-MX: translations-panel-restore-button
abr. 14, 2024 07:19:09.15 [fluent] Missing message in locale es-MX: translations-panel-translate-cancel
abr. 14, 2024 07:19:09.18 [fluent] Missing message in locale es-MX: translations-panel-learn-more-link
abr. 14, 2024 07:19:09.18 [fluent] Missing message in locale es-MX: translations-panel-learn-more-link
abr. 14, 2024 07:19:51.66 [fluent] Missing message in locale es-MX: password-manager-save-password-button-deny
abr. 14, 2024 07:19:51.66 [fluent] Missing message in locale es-MX: password-manager-update-password-button-delete
abr. 14, 2024 07:19:52.88 [fluent] Missing message in locale es-MX: password-manager-save-password-button-deny
abr. 14, 2024 07:19:52.88 [fluent] Missing message in locale es-MX: password-manager-update-password-button-delete
abr. 14, 2024 07:49:16.18 [fluent] Missing message in locale es-MX: protections-panel-report-broken-site
abr. 14, 2024 07:49:16.18 [fluent] Missing message in locale es-MX: protections-panel-cookie-banner-blocker-header
abr. 14, 2024 07:49:16.18 [fluent] Missing message in locale es-MX: protections-panel-cookie-banner-blocker-view-title
abr. 14, 2024 07:49:16.18 [fluent] Missing message in locale es-MX: protections-panel-cookie-banner-blocker-view-turn-off-for-site
abr. 14, 2024 07:49:16.18 [fluent] Missing message in locale es-MX: protections-panel-cookie-banner-blocker-view-turn-on-for-site
abr. 14, 2024 07:49:16.18 [fluent] Missing message in locale es-MX: protections-panel-cookie-banner-blocker-view-turn-on-description
abr. 14, 2024 07:49:19.90 [fluent] Missing message in locale es-MX: overflow-scroll-button-up
abr. 14, 2024 07:49:19.90 [fluent] Missing message in locale es-MX: overflow-scroll-button-down
abr. 14, 2024 07:49:19.99 [fluent] Missing message in locale es-MX: text-action-strip-on-share
abr. 14, 2024 13:11:39.72 [fluent] Missing message in locale es-MX: overflow-scroll-button-up
abr. 14, 2024 13:11:39.72 [fluent] Missing message in locale es-MX: overflow-scroll-button-down
abr. 14, 2024 13:11:39.90 [fluent] Missing message in locale es-MX: text-action-strip-on-share
abr. 14, 2024 13:11:40.59 [fluent] Missing message in locale es-MX: translations-panel-error-unsupported
abr. 14, 2024 13:11:40.59 [fluent] Missing message in locale es-MX: translations-panel-learn-more-link
abr. 14, 2024 13:11:40.59 [fluent] Missing message in locale es-MX: translations-panel-error-change-button
abr. 14, 2024 13:11:40.59 [fluent] Missing message in locale es-MX: translations-panel-settings-button
abr. 14, 2024 13:11:40.59 [fluent] Missing message in locale es-MX: translations-panel-error-dismiss-button
abr. 14, 2024 13:11:40.59 [fluent] Missing message in locale es-MX: translations-panel-settings-always-translate-language
abr. 14, 2024 13:11:40.59 [fluent] Missing message in locale es-MX: translations-panel-settings-never-translate-language
abr. 14, 2024 13:11:40.59 [fluent] Missing message in locale es-MX: translations-panel-header
abr. 14, 2024 13:11:40.59 [fluent] Missing message in locale es-MX: translations-panel-settings-button
abr. 14, 2024 13:11:40.59 [fluent] Missing message in locale es-MX: translations-panel-intro-description
abr. 14, 2024 13:11:40.59 [fluent] Missing message in locale es-MX: translations-panel-learn-more-link
abr. 14, 2024 13:11:40.59 [fluent] Missing message in locale es-MX: translations-panel-from-label
abr. 14, 2024 13:11:40.59 [fluent] Missing message in locale es-MX: translations-panel-choose-language
abr. 14, 2024 13:11:40.59 [fluent] Missing message in locale es-MX: translations-panel-to-label
abr. 14, 2024 13:11:40.59 [fluent] Missing message in locale es-MX: translations-panel-choose-language
abr. 14, 2024 13:11:40.59 [fluent] Missing message in locale es-MX: translations-panel-translate-button
abr. 14, 2024 13:11:40.59 [fluent] Missing message in locale es-MX: translations-panel-restore-button
abr. 14, 2024 13:11:40.59 [fluent] Missing message in locale es-MX: translations-panel-translate-cancel
abr. 14, 2024 13:11:40.61 [fluent] Missing message in locale es-MX: translations-panel-learn-more-link
abr. 14, 2024 13:11:40.61 [fluent] Missing message in locale es-MX: translations-panel-learn-more-link
abr. 14, 2024 13:11:49.57 [fluent] Missing message in locale es-MX: password-manager-save-password-button-deny
abr. 14, 2024 13:11:49.57 [fluent] Missing message in locale es-MX: password-manager-update-password-button-delete
abr. 14, 2024 13:11:49.74 [fluent] Missing message in locale es-MX: password-manager-save-password-button-deny
abr. 14, 2024 13:11:49.74 [fluent] Missing message in locale es-MX: password-manager-update-password-button-delete
abr. 14, 2024 13:11:50.14 [fluent] Missing message in locale es-MX: password-manager-save-password-button-deny
abr. 14, 2024 13:11:50.14 [fluent] Missing message in locale es-MX: password-manager-update-password-button-delete
abr. 14, 2024 13:11:50.44 [fluent] Missing message in locale es-MX: password-manager-save-password-button-deny
abr. 14, 2024 13:11:50.44 [fluent] Missing message in locale es-MX: password-manager-update-password-button-delete
abr. 14, 2024 13:11:51.34 [fluent] Missing message in locale es-MX: password-manager-save-password-button-deny
abr. 14, 2024 13:11:51.34 [fluent] Missing message in locale es-MX: password-manager-update-password-button-delete
abr. 14, 2024 13:12:02.52 [fluent] Missing message in locale es-MX: password-manager-save-password-button-deny
abr. 14, 2024 13:12:02.52 [fluent] Missing message in locale es-MX: password-manager-update-password-button-delete
abr. 14, 2024 13:12:02.67 [fluent] Missing message in locale es-MX: password-manager-save-password-button-deny
abr. 14, 2024 13:12:02.67 [fluent] Missing message in locale es-MX: password-manager-update-password-button-delete
abr. 14, 2024 13:12:02.98 [fluent] Missing message in locale es-MX: password-manager-save-password-button-deny
abr. 14, 2024 13:12:02.98 [fluent] Missing message in locale es-MX: password-manager-update-password-button-delete
abr. 14, 2024 13:12:03.26 [fluent] Missing message in locale es-MX: password-manager-save-password-button-deny
abr. 14, 2024 13:12:03.26 [fluent] Missing message in locale es-MX: password-manager-update-password-button-delete
abr. 14, 2024 13:12:04.19 [fluent] Missing message in locale es-MX: password-manager-save-password-button-deny
abr. 14, 2024 13:12:04.19 [fluent] Missing message in locale es-MX: password-manager-update-password-button-delete
